<?xml version="1.0"?>
<testsuite name="Chrome Headless 128.0.0.0 (Windows 10)" package="" timestamp="2024-09-17T18:46:12" id="0" hostname="Pau" tests="11" errors="0" failures="0" time="0.144">
  <properties>
    <property name="browser.fullName" value="Mozilla/5.0 (Windows NT 10.0; Win64; x64) AppleWebKit/537.36 (KHTML, like Gecko) HeadlessChrome/128.0.0.0 Safari/537.36"/>
  </properties>
  <testcase name="EmployeeComponent should create" time="0.077" classname="EmployeeComponent"/>
  <testcase name="AddemployeeComponent should show warning if name is empty" time="0.025" classname="AddemployeeComponent"/>
  <testcase name="AddemployeeComponent should show error if name exceeds 100 characters" time="0.007" classname="AddemployeeComponent"/>
  <testcase name="AddemployeeComponent should not show error if name is valid" time="0.007" classname="AddemployeeComponent"/>
  <testcase name="AddemployeeComponent should create" time="0.004" classname="AddemployeeComponent"/>
  <testcase name="AddemployeeComponent should show error if name is shorter than 2 characters" time="0.005" classname="AddemployeeComponent"/>
  <testcase name="AddemployeeComponent should show error if name contains excessive character repetition" time="0.003" classname="AddemployeeComponent"/>
  <testcase name="AddemployeeComponent should show error if name contains numbers" time="0.004" classname="AddemployeeComponent"/>
  <testcase name="AddemployeeComponent should show error if name is generic or trivial" time="0.003" classname="AddemployeeComponent"/>
  <testcase name="AppComponent should render title" time="0.005" classname="AppComponent"/>
  <testcase name="EmployeeService should retrieve all employees" time="0.004" classname="EmployeeService"/>
  <system-out>
    <![CDATA[
]]>
  </system-out>
  <system-err/>
</testsuite>